[12-May-2021 12:36:40 UTC] PHP Notice:  Undefined property: stdClass::$heartbeats_limit in /home/siteiptv/gestorlite.com/status/themes/altum/views/partials/plans.php on line 91
[12-May-2021 12:36:40 UTC] PHP Notice:  Undefined property: stdClass::$heartbeats_limit in /home/siteiptv/gestorlite.com/status/themes/altum/views/partials/plans.php on line 94
[12-May-2021 12:36:40 UTC] PHP Notice:  Undefined property: stdClass::$heartbeats_limit in /home/siteiptv/gestorlite.com/status/themes/altum/views/partials/plans.php on line 98
[12-May-2021 12:36:40 UTC] PHP Notice:  Undefined property: stdClass::$status_pages_limit in /home/siteiptv/gestorlite.com/status/themes/altum/views/partials/plans.php on line 103
[12-May-2021 12:36:40 UTC] PHP Notice:  Undefined property: stdClass::$status_pages_limit in /home/siteiptv/gestorlite.com/status/themes/altum/views/partials/plans.php on line 106
[12-May-2021 12:36:40 UTC] PHP Notice:  Undefined property: stdClass::$domains_limit in /home/siteiptv/gestorlite.com/status/themes/altum/views/partials/plans.php on line 128
[12-May-2021 12:36:40 UTC] PHP Notice:  Undefined property: stdClass::$domains_limit in /home/siteiptv/gestorlite.com/status/themes/altum/views/partials/plans.php on line 131
[12-May-2021 12:36:40 UTC] PHP Notice:  Undefined property: stdClass::$domains_limit in /home/siteiptv/gestorlite.com/status/themes/altum/views/partials/plans.php on line 135
[12-May-2021 12:36:40 UTC] PHP Notice:  Undefined property: stdClass::$additional_domains_is_enabled in /home/siteiptv/gestorlite.com/status/themes/altum/views/partials/plans.php on line 141
[12-May-2021 12:36:40 UTC] PHP Notice:  Undefined property: stdClass::$additional_domains_is_enabled in /home/siteiptv/gestorlite.com/status/themes/altum/views/partials/plans.php on line 147
[12-May-2021 12:36:40 UTC] PHP Notice:  Undefined property: stdClass::$email_notifications_is_enabled in /home/siteiptv/gestorlite.com/status/themes/altum/views/partials/plans.php on line 225
[12-May-2021 12:36:40 UTC] PHP Notice:  Undefined property: stdClass::$email_notifications_is_enabled in /home/siteiptv/gestorlite.com/status/themes/altum/views/partials/plans.php on line 231
[12-May-2021 12:36:40 UTC] PHP Notice:  Undefined property: stdClass::$api_is_enabled in /home/siteiptv/gestorlite.com/status/themes/altum/views/partials/plans.php on line 245
[12-May-2021 12:36:40 UTC] PHP Notice:  Undefined property: stdClass::$api_is_enabled in /home/siteiptv/gestorlite.com/status/themes/altum/views/partials/plans.php on line 251
[12-May-2021 12:36:50 UTC] PHP Notice:  Undefined property: stdClass::$heartbeats_limit in /home/siteiptv/gestorlite.com/status/themes/altum/views/partials/plans.php on line 91
[12-May-2021 12:36:50 UTC] PHP Notice:  Undefined property: stdClass::$heartbeats_limit in /home/siteiptv/gestorlite.com/status/themes/altum/views/partials/plans.php on line 94
[12-May-2021 12:36:50 UTC] PHP Notice:  Undefined property: stdClass::$heartbeats_limit in /home/siteiptv/gestorlite.com/status/themes/altum/views/partials/plans.php on line 98
[12-May-2021 12:36:50 UTC] PHP Notice:  Undefined property: stdClass::$status_pages_limit in /home/siteiptv/gestorlite.com/status/themes/altum/views/partials/plans.php on line 103
[12-May-2021 12:36:50 UTC] PHP Notice:  Undefined property: stdClass::$status_pages_limit in /home/siteiptv/gestorlite.com/status/themes/altum/views/partials/plans.php on line 106
[12-May-2021 12:36:50 UTC] PHP Notice:  Undefined property: stdClass::$domains_limit in /home/siteiptv/gestorlite.com/status/themes/altum/views/partials/plans.php on line 128
[12-May-2021 12:36:50 UTC] PHP Notice:  Undefined property: stdClass::$domains_limit in /home/siteiptv/gestorlite.com/status/themes/altum/views/partials/plans.php on line 131
[12-May-2021 12:36:50 UTC] PHP Notice:  Undefined property: stdClass::$domains_limit in /home/siteiptv/gestorlite.com/status/themes/altum/views/partials/plans.php on line 135
[12-May-2021 12:36:50 UTC] PHP Notice:  Undefined property: stdClass::$additional_domains_is_enabled in /home/siteiptv/gestorlite.com/status/themes/altum/views/partials/plans.php on line 141
[12-May-2021 12:36:50 UTC] PHP Notice:  Undefined property: stdClass::$additional_domains_is_enabled in /home/siteiptv/gestorlite.com/status/themes/altum/views/partials/plans.php on line 147
[12-May-2021 12:36:50 UTC] PHP Notice:  Undefined property: stdClass::$email_notifications_is_enabled in /home/siteiptv/gestorlite.com/status/themes/altum/views/partials/plans.php on line 225
[12-May-2021 12:36:50 UTC] PHP Notice:  Undefined property: stdClass::$email_notifications_is_enabled in /home/siteiptv/gestorlite.com/status/themes/altum/views/partials/plans.php on line 231
[12-May-2021 12:36:50 UTC] PHP Notice:  Undefined property: stdClass::$api_is_enabled in /home/siteiptv/gestorlite.com/status/themes/altum/views/partials/plans.php on line 245
[12-May-2021 12:36:50 UTC] PHP Notice:  Undefined property: stdClass::$api_is_enabled in /home/siteiptv/gestorlite.com/status/themes/altum/views/partials/plans.php on line 251
[12-May-2021 12:38:00 UTC] PHP Notice:  Undefined property: stdClass::$heartbeats_limit in /home/siteiptv/gestorlite.com/status/themes/altum/views/partials/plans.php on line 91
[12-May-2021 12:38:00 UTC] PHP Notice:  Undefined property: stdClass::$heartbeats_limit in /home/siteiptv/gestorlite.com/status/themes/altum/views/partials/plans.php on line 94
[12-May-2021 12:38:00 UTC] PHP Notice:  Undefined property: stdClass::$heartbeats_limit in /home/siteiptv/gestorlite.com/status/themes/altum/views/partials/plans.php on line 98
[12-May-2021 12:38:00 UTC] PHP Notice:  Undefined property: stdClass::$status_pages_limit in /home/siteiptv/gestorlite.com/status/themes/altum/views/partials/plans.php on line 103
[12-May-2021 12:38:00 UTC] PHP Notice:  Undefined property: stdClass::$status_pages_limit in /home/siteiptv/gestorlite.com/status/themes/altum/views/partials/plans.php on line 106
[12-May-2021 12:38:00 UTC] PHP Notice:  Undefined property: stdClass::$domains_limit in /home/siteiptv/gestorlite.com/status/themes/altum/views/partials/plans.php on line 128
[12-May-2021 12:38:00 UTC] PHP Notice:  Undefined property: stdClass::$domains_limit in /home/siteiptv/gestorlite.com/status/themes/altum/views/partials/plans.php on line 131
[12-May-2021 12:38:00 UTC] PHP Notice:  Undefined property: stdClass::$domains_limit in /home/siteiptv/gestorlite.com/status/themes/altum/views/partials/plans.php on line 135
[12-May-2021 12:38:00 UTC] PHP Notice:  Undefined property: stdClass::$additional_domains_is_enabled in /home/siteiptv/gestorlite.com/status/themes/altum/views/partials/plans.php on line 141
[12-May-2021 12:38:00 UTC] PHP Notice:  Undefined property: stdClass::$additional_domains_is_enabled in /home/siteiptv/gestorlite.com/status/themes/altum/views/partials/plans.php on line 147
[12-May-2021 12:38:00 UTC] PHP Notice:  Undefined property: stdClass::$email_notifications_is_enabled in /home/siteiptv/gestorlite.com/status/themes/altum/views/partials/plans.php on line 225
[12-May-2021 12:38:00 UTC] PHP Notice:  Undefined property: stdClass::$email_notifications_is_enabled in /home/siteiptv/gestorlite.com/status/themes/altum/views/partials/plans.php on line 231
[12-May-2021 12:38:00 UTC] PHP Notice:  Undefined property: stdClass::$api_is_enabled in /home/siteiptv/gestorlite.com/status/themes/altum/views/partials/plans.php on line 245
[12-May-2021 12:38:00 UTC] PHP Notice:  Undefined property: stdClass::$api_is_enabled in /home/siteiptv/gestorlite.com/status/themes/altum/views/partials/plans.php on line 251
[12-May-2021 12:38:17 UTC] PHP Notice:  Undefined property: stdClass::$heartbeats_limit in /home/siteiptv/gestorlite.com/status/themes/altum/views/partials/plans.php on line 91
[12-May-2021 12:38:17 UTC] PHP Notice:  Undefined property: stdClass::$heartbeats_limit in /home/siteiptv/gestorlite.com/status/themes/altum/views/partials/plans.php on line 94
[12-May-2021 12:38:17 UTC] PHP Notice:  Undefined property: stdClass::$heartbeats_limit in /home/siteiptv/gestorlite.com/status/themes/altum/views/partials/plans.php on line 98
[12-May-2021 12:38:17 UTC] PHP Notice:  Undefined property: stdClass::$status_pages_limit in /home/siteiptv/gestorlite.com/status/themes/altum/views/partials/plans.php on line 103
[12-May-2021 12:38:17 UTC] PHP Notice:  Undefined property: stdClass::$status_pages_limit in /home/siteiptv/gestorlite.com/status/themes/altum/views/partials/plans.php on line 106
[12-May-2021 12:38:17 UTC] PHP Notice:  Undefined property: stdClass::$domains_limit in /home/siteiptv/gestorlite.com/status/themes/altum/views/partials/plans.php on line 128
[12-May-2021 12:38:17 UTC] PHP Notice:  Undefined property: stdClass::$domains_limit in /home/siteiptv/gestorlite.com/status/themes/altum/views/partials/plans.php on line 131
[12-May-2021 12:38:17 UTC] PHP Notice:  Undefined property: stdClass::$domains_limit in /home/siteiptv/gestorlite.com/status/themes/altum/views/partials/plans.php on line 135
[12-May-2021 12:38:17 UTC] PHP Notice:  Undefined property: stdClass::$additional_domains_is_enabled in /home/siteiptv/gestorlite.com/status/themes/altum/views/partials/plans.php on line 141
[12-May-2021 12:38:17 UTC] PHP Notice:  Undefined property: stdClass::$additional_domains_is_enabled in /home/siteiptv/gestorlite.com/status/themes/altum/views/partials/plans.php on line 147
[12-May-2021 12:38:17 UTC] PHP Notice:  Undefined property: stdClass::$email_notifications_is_enabled in /home/siteiptv/gestorlite.com/status/themes/altum/views/partials/plans.php on line 225
[12-May-2021 12:38:17 UTC] PHP Notice:  Undefined property: stdClass::$email_notifications_is_enabled in /home/siteiptv/gestorlite.com/status/themes/altum/views/partials/plans.php on line 231
[12-May-2021 12:38:17 UTC] PHP Notice:  Undefined property: stdClass::$api_is_enabled in /home/siteiptv/gestorlite.com/status/themes/altum/views/partials/plans.php on line 245
[12-May-2021 12:38:17 UTC] PHP Notice:  Undefined property: stdClass::$api_is_enabled in /home/siteiptv/gestorlite.com/status/themes/altum/views/partials/plans.php on line 251
[12-May-2021 12:38:51 UTC] PHP Notice:  Undefined index: email_is_enabled in /home/siteiptv/gestorlite.com/status/app/controllers/MonitorCreate.php on line 49
[12-May-2021 12:38:51 UTC] PHP Notice:  Undefined index: twilio_notifications in /home/siteiptv/gestorlite.com/status/app/controllers/MonitorCreate.php on line 163
[12-May-2021 21:18:19 UTC] PHP Notice:  Undefined property: stdClass::$heartbeats_limit in /home/siteiptv/gestorlite.com/status/themes/altum/views/partials/plans.php on line 91
[12-May-2021 21:18:19 UTC] PHP Notice:  Undefined property: stdClass::$heartbeats_limit in /home/siteiptv/gestorlite.com/status/themes/altum/views/partials/plans.php on line 94
[12-May-2021 21:18:19 UTC] PHP Notice:  Undefined property: stdClass::$heartbeats_limit in /home/siteiptv/gestorlite.com/status/themes/altum/views/partials/plans.php on line 98
[12-May-2021 21:18:19 UTC] PHP Notice:  Undefined property: stdClass::$status_pages_limit in /home/siteiptv/gestorlite.com/status/themes/altum/views/partials/plans.php on line 103
[12-May-2021 21:18:19 UTC] PHP Notice:  Undefined property: stdClass::$status_pages_limit in /home/siteiptv/gestorlite.com/status/themes/altum/views/partials/plans.php on line 106
[12-May-2021 21:18:19 UTC] PHP Notice:  Undefined property: stdClass::$domains_limit in /home/siteiptv/gestorlite.com/status/themes/altum/views/partials/plans.php on line 128
[12-May-2021 21:18:19 UTC] PHP Notice:  Undefined property: stdClass::$domains_limit in /home/siteiptv/gestorlite.com/status/themes/altum/views/partials/plans.php on line 131
[12-May-2021 21:18:19 UTC] PHP Notice:  Undefined property: stdClass::$domains_limit in /home/siteiptv/gestorlite.com/status/themes/altum/views/partials/plans.php on line 135
[12-May-2021 21:18:19 UTC] PHP Notice:  Undefined property: stdClass::$additional_domains_is_enabled in /home/siteiptv/gestorlite.com/status/themes/altum/views/partials/plans.php on line 141
[12-May-2021 21:18:19 UTC] PHP Notice:  Undefined property: stdClass::$additional_domains_is_enabled in /home/siteiptv/gestorlite.com/status/themes/altum/views/partials/plans.php on line 147
[12-May-2021 21:18:19 UTC] PHP Notice:  Undefined property: stdClass::$email_notifications_is_enabled in /home/siteiptv/gestorlite.com/status/themes/altum/views/partials/plans.php on line 225
[12-May-2021 21:18:19 UTC] PHP Notice:  Undefined property: stdClass::$email_notifications_is_enabled in /home/siteiptv/gestorlite.com/status/themes/altum/views/partials/plans.php on line 231
[12-May-2021 21:18:19 UTC] PHP Notice:  Undefined property: stdClass::$api_is_enabled in /home/siteiptv/gestorlite.com/status/themes/altum/views/partials/plans.php on line 245
[12-May-2021 21:18:19 UTC] PHP Notice:  Undefined property: stdClass::$api_is_enabled in /home/siteiptv/gestorlite.com/status/themes/altum/views/partials/plans.php on line 251
[12-May-2021 21:18:24 UTC] PHP Notice:  Undefined property: stdClass::$heartbeats_limit in /home/siteiptv/gestorlite.com/status/themes/altum/views/partials/plans.php on line 91
[12-May-2021 21:18:24 UTC] PHP Notice:  Undefined property: stdClass::$heartbeats_limit in /home/siteiptv/gestorlite.com/status/themes/altum/views/partials/plans.php on line 94
[12-May-2021 21:18:24 UTC] PHP Notice:  Undefined property: stdClass::$heartbeats_limit in /home/siteiptv/gestorlite.com/status/themes/altum/views/partials/plans.php on line 98
[12-May-2021 21:18:24 UTC] PHP Notice:  Undefined property: stdClass::$status_pages_limit in /home/siteiptv/gestorlite.com/status/themes/altum/views/partials/plans.php on line 103
[12-May-2021 21:18:24 UTC] PHP Notice:  Undefined property: stdClass::$status_pages_limit in /home/siteiptv/gestorlite.com/status/themes/altum/views/partials/plans.php on line 106
[12-May-2021 21:18:24 UTC] PHP Notice:  Undefined property: stdClass::$domains_limit in /home/siteiptv/gestorlite.com/status/themes/altum/views/partials/plans.php on line 128
[12-May-2021 21:18:24 UTC] PHP Notice:  Undefined property: stdClass::$domains_limit in /home/siteiptv/gestorlite.com/status/themes/altum/views/partials/plans.php on line 131
[12-May-2021 21:18:24 UTC] PHP Notice:  Undefined property: stdClass::$domains_limit in /home/siteiptv/gestorlite.com/status/themes/altum/views/partials/plans.php on line 135
[12-May-2021 21:18:24 UTC] PHP Notice:  Undefined property: stdClass::$additional_domains_is_enabled in /home/siteiptv/gestorlite.com/status/themes/altum/views/partials/plans.php on line 141
[12-May-2021 21:18:24 UTC] PHP Notice:  Undefined property: stdClass::$additional_domains_is_enabled in /home/siteiptv/gestorlite.com/status/themes/altum/views/partials/plans.php on line 147
[12-May-2021 21:18:24 UTC] PHP Notice:  Undefined property: stdClass::$email_notifications_is_enabled in /home/siteiptv/gestorlite.com/status/themes/altum/views/partials/plans.php on line 225
[12-May-2021 21:18:24 UTC] PHP Notice:  Undefined property: stdClass::$email_notifications_is_enabled in /home/siteiptv/gestorlite.com/status/themes/altum/views/partials/plans.php on line 231
[12-May-2021 21:18:24 UTC] PHP Notice:  Undefined property: stdClass::$api_is_enabled in /home/siteiptv/gestorlite.com/status/themes/altum/views/partials/plans.php on line 245
[12-May-2021 21:18:24 UTC] PHP Notice:  Undefined property: stdClass::$api_is_enabled in /home/siteiptv/gestorlite.com/status/themes/altum/views/partials/plans.php on line 251
[12-May-2021 21:19:40 UTC] PHP Notice:  Undefined property: stdClass::$heartbeats_limit in /home/siteiptv/gestorlite.com/status/themes/altum/views/partials/plans.php on line 91
[12-May-2021 21:19:40 UTC] PHP Notice:  Undefined property: stdClass::$heartbeats_limit in /home/siteiptv/gestorlite.com/status/themes/altum/views/partials/plans.php on line 94
[12-May-2021 21:19:40 UTC] PHP Notice:  Undefined property: stdClass::$heartbeats_limit in /home/siteiptv/gestorlite.com/status/themes/altum/views/partials/plans.php on line 98
[12-May-2021 21:19:40 UTC] PHP Notice:  Undefined property: stdClass::$status_pages_limit in /home/siteiptv/gestorlite.com/status/themes/altum/views/partials/plans.php on line 103
[12-May-2021 21:19:40 UTC] PHP Notice:  Undefined property: stdClass::$status_pages_limit in /home/siteiptv/gestorlite.com/status/themes/altum/views/partials/plans.php on line 106
[12-May-2021 21:19:40 UTC] PHP Notice:  Undefined property: stdClass::$domains_limit in /home/siteiptv/gestorlite.com/status/themes/altum/views/partials/plans.php on line 128
[12-May-2021 21:19:40 UTC] PHP Notice:  Undefined property: stdClass::$domains_limit in /home/siteiptv/gestorlite.com/status/themes/altum/views/partials/plans.php on line 131
[12-May-2021 21:19:40 UTC] PHP Notice:  Undefined property: stdClass::$domains_limit in /home/siteiptv/gestorlite.com/status/themes/altum/views/partials/plans.php on line 135
[12-May-2021 21:19:40 UTC] PHP Notice:  Undefined property: stdClass::$additional_domains_is_enabled in /home/siteiptv/gestorlite.com/status/themes/altum/views/partials/plans.php on line 141
[12-May-2021 21:19:40 UTC] PHP Notice:  Undefined property: stdClass::$additional_domains_is_enabled in /home/siteiptv/gestorlite.com/status/themes/altum/views/partials/plans.php on line 147
[12-May-2021 21:19:40 UTC] PHP Notice:  Undefined property: stdClass::$email_notifications_is_enabled in /home/siteiptv/gestorlite.com/status/themes/altum/views/partials/plans.php on line 225
[12-May-2021 21:19:40 UTC] PHP Notice:  Undefined property: stdClass::$email_notifications_is_enabled in /home/siteiptv/gestorlite.com/status/themes/altum/views/partials/plans.php on line 231
[12-May-2021 21:19:40 UTC] PHP Notice:  Undefined property: stdClass::$api_is_enabled in /home/siteiptv/gestorlite.com/status/themes/altum/views/partials/plans.php on line 245
[12-May-2021 21:19:40 UTC] PHP Notice:  Undefined property: stdClass::$api_is_enabled in /home/siteiptv/gestorlite.com/status/themes/altum/views/partials/plans.php on line 251
